0 info it worked if it ends with ok
1 verbose cli [ 'C:\\Program Files\\nodejs\\node.exe',
1 verbose cli   'C:\\Program Files\\nodejs\\node_modules\\npm\\bin\\npm-cli.js',
1 verbose cli   'install',
1 verbose cli   '-g',
1 verbose cli   'n' ]
2 info using npm@1.2.15
3 info using node@v0.10.2
4 verbose read json C:\Users\jules\AppData\Roaming\npm\package.json
5 verbose read json C:\Users\jules\AppData\Roaming\npm\package.json
6 verbose cache add [ 'n', null ]
7 verbose cache add name=undefined spec="n" args=["n",null]
8 verbose parsed url { protocol: null,
8 verbose parsed url   slashes: null,
8 verbose parsed url   auth: null,
8 verbose parsed url   host: null,
8 verbose parsed url   port: null,
8 verbose parsed url   hostname: null,
8 verbose parsed url   hash: null,
8 verbose parsed url   search: null,
8 verbose parsed url   query: null,
8 verbose parsed url   pathname: 'n',
8 verbose parsed url   path: 'n',
8 verbose parsed url   href: 'n' }
9 silly lockFile d1854cae-n n
10 verbose lock n C:\Users\jules\AppData\Roaming\npm-cache\d1854cae-n.lock
11 silly lockFile d1854cae-n n
12 silly lockFile d1854cae-n n
13 verbose addNamed [ 'n', '' ]
14 verbose addNamed [ null, '' ]
15 silly lockFile 6b58d7dc-n n@
16 verbose lock n@ C:\Users\jules\AppData\Roaming\npm-cache\6b58d7dc-n.lock
17 silly addNameRange { name: 'n', range: '', hasData: false }
18 verbose url raw n
19 verbose url resolving [ 'https://registry.npmjs.org/', './n' ]
20 verbose url resolved https://registry.npmjs.org/n
21 info trying registry request attempt 1 at 11:54:47
22 http GET https://registry.npmjs.org/n
23 info retry will retry, error on last attempt: Error: CERT_UNTRUSTED
24 info trying registry request attempt 2 at 11:54:57
25 http GET https://registry.npmjs.org/n
26 info retry will retry, error on last attempt: Error: CERT_UNTRUSTED
27 info trying registry request attempt 3 at 11:55:57
28 http GET https://registry.npmjs.org/n
29 silly lockFile 6b58d7dc-n n@
30 silly lockFile 6b58d7dc-n n@
31 error Error: CERT_UNTRUSTED
31 error     at SecurePair.<anonymous> (tls.js:1283:32)
31 error     at SecurePair.EventEmitter.emit (events.js:92:17)
31 error     at SecurePair.maybeInitFinished (tls.js:896:10)
31 error     at CleartextStream.read [as _read] (tls.js:430:15)
31 error     at CleartextStream.Readable.read (_stream_readable.js:294:10)
31 error     at EncryptedStream.write [as _write] (tls.js:344:25)
31 error     at doWrite (_stream_writable.js:211:10)
31 error     at writeOrBuffer (_stream_writable.js:201:5)
31 error     at EncryptedStream.Writable.write (_stream_writable.js:172:11)
31 error     at write (_stream_readable.js:547:24)
32 error If you need help, you may report this log at:
32 error     <http://github.com/isaacs/npm/issues>
32 error or email it to:
32 error     <npm-@googlegroups.com>
33 error System Windows_NT 6.2.9200
34 error command "C:\\Program Files\\nodejs\\node.exe" "C:\\Program Files\\nodejs\\node_modules\\npm\\bin\\npm-cli.js" "install" "-g" "n"
35 error cwd C:\Users\jules\Documents\GitHub\BotlyStudio-App
36 error node -v v0.10.2
37 error npm -v 1.2.15
38 verbose exit [ 1, true ]
